<?xml version="1.0" encoding="UTF-8"?>
<!-- Generated by org.testng.reporters.JUnitReportReporter -->
<testsuite hostname="DESKTOP-34QJAK5" failures="0" tests="2" name="gitPush.newtry.learning_test" time="0.069" errors="0" timestamp="2023-11-14T11:51:40 IST" skipped="0">
  <testcase classname="gitPush.newtry.learning_test" name="assertMethod" time="0.053"/>
  <system-out/>
  <testcase classname="gitPush.newtry.learning_test" name="calci" time="0.016"/>
  <system-out/>
</testsuite> <!-- gitPush.newtry.learning_test -->
