<?xml version="1.0" encoding="UTF-8"?>
<!-- Generated by org.testng.reporters.JUnitReportReporter -->
<testsuite hostname="DESKTOP-34QJAK5" failures="0" tests="1" name="gitPush.newtry.learning" time="0.287" errors="0" timestamp="2023-11-14T11:21:50 IST" skipped="0">
  <testcase classname="gitPush.newtry.learning" name="calci" time="0.287"/>
  <system-out/>
</testsuite> <!-- gitPush.newtry.learning -->
